Using pre-set license
Built from '2020.3/staging' branch; Version is '2020.3.23f1 (c5d91304a876) revision 12966163'; Using compiler version '192528614'; Build Type 'Release'
OS: 'Windows 10 Pro; OS build 19044.1348; Version 2009; 64bit' Language: 'en' Physical Memory: 16295 MB
BatchMode: 1, IsHumanControllingUs: 0, StartBugReporterOnCrash: 0, Is64bit: 1, IsPro: 0

COMMAND LINE ARGUMENTS:
C:\Program Files\Unity\Hub\Editor\2020.3.23f1\Editor\Unity.exe
-adb2
-batchMode
-noUpm
-name
AssetImportWorker0
-projectPath
C:/Users/jgould2021/Documents/GitHub/Emotional-Project-Synaptic/My project
-logFile
Logs/AssetImportWorker0.log
-srvPort
53582
Successfully changed project path to: C:/Users/jgould2021/Documents/GitHub/Emotional-Project-Synaptic/My project
C:/Users/jgould2021/Documents/GitHub/Emotional-Project-Synaptic/My project
Using Asset Import Pipeline V2.
Refreshing native plugins compatible for Editor in 21.59 ms, found 2 plugins.
Preloading 0 native plugins for Editor in 0.00 ms.
Initialize engine version: 2020.3.23f1 (c5d91304a876)
[Subsystems] Discovering subsystems at path C:/Program Files/Unity/Hub/Editor/2020.3.23f1/Editor/Data/Resources/UnitySubsystems
[Subsystems] Discovering subsystems at path C:/Users/jgould2021/Documents/GitHub/Emotional-Project-Synaptic/My project/Assets
GfxDevice: creating device client; threaded=0
Direct3D:
    Version:  Direct3D 11.0 [level 11.1]
    Renderer: NVIDIA GeForce RTX 3060 (ID=0x2504)
    Vendor:   
    VRAM:     12143 MB
    Driver:   30.0.14.9649
Initialize mono
Mono path[0] = 'C:/Program Files/Unity/Hub/Editor/2020.3.23f1/Editor/Data/Managed'
Mono path[1] = 'C:/Program Files/Unity/Hub/Editor/2020.3.23f1/Editor/Data/MonoBleedingEdge/lib/mono/unityjit'
Mono config path = 'C:/Program Files/Unity/Hub/Editor/2020.3.23f1/Editor/Data/MonoBleedingEdge/etc'
Using monoOptions --debugger-agent=transport=dt_socket,embedding=1,server=y,suspend=n,address=127.0.0.1:56424
Begin MonoManager ReloadAssembly
Registering precompiled unity dll's ...
Register platform support module: C:/Program Files/Unity/Hub/Editor/2020.3.23f1/Editor/Data/PlaybackEngines/WindowsStandaloneSupport/UnityEditor.WindowsStandalone.Extensions.dll
Registered in 0.000930 seconds.
Native extension for WindowsStandalone target not found
Refreshing native plugins compatible for Editor in 20.72 ms, found 2 plugins.
Preloading 0 native plugins for Editor in 0.00 ms.
Mono: successfully reloaded assembly
- Completed reload, in  0.348 seconds
Domain Reload Profiling:
	ReloadAssembly (348ms)
		BeginReloadAssembly (33ms)
			ExecutionOrderSort (0ms)
			DisableScriptedObjects (0ms)
			BackupInstance (0ms)
			ReleaseScriptingObjects (0ms)
			CreateAndSetChildDomain (0ms)
		EndReloadAssembly (270ms)
			LoadAssemblies (32ms)
			RebuildTransferFunctionScriptingTraits (0ms)
			SetupTypeCache (87ms)
			ReleaseScriptCaches (0ms)
			RebuildScriptCaches (17ms)
			SetupLoadedEditorAssemblies (105ms)
				LogAssemblyErrors (0ms)
				InitializePlatformSupportModulesInManaged (3ms)
				SetLoadedEditorAssemblies (0ms)
				RefreshPlugins (21ms)
				BeforeProcessingInitializeOnLoad (7ms)
				ProcessInitializeOnLoadAttributes (56ms)
				ProcessInitializeOnLoadMethodAttributes (18ms)
				AfterProcessingInitializeOnLoad (0ms)
				EditorAssembliesLoaded (0ms)
			ExecutionOrderSort2 (0ms)
			AwakeInstancesAfterBackupRestoration (0ms)
Platform modules already initialized, skipping
Registering precompiled user dll's ...
Registered in 0.002480 seconds.
Begin MonoManager ReloadAssembly
Native extension for WindowsStandalone target not found
Refreshing native plugins compatible for Editor in 0.33 ms, found 2 plugins.
Preloading 0 native plugins for Editor in 0.00 ms.
Mono: successfully reloaded assembly
- Completed reload, in  0.604 seconds
Domain Reload Profiling:
	ReloadAssembly (605ms)
		BeginReloadAssembly (88ms)
			ExecutionOrderSort (0ms)
			DisableScriptedObjects (3ms)
			BackupInstance (0ms)
			ReleaseScriptingObjects (0ms)
			CreateAndSetChildDomain (13ms)
		EndReloadAssembly (480ms)
			LoadAssemblies (54ms)
			RebuildTransferFunctionScriptingTraits (0ms)
			SetupTypeCache (167ms)
			ReleaseScriptCaches (0ms)
			RebuildScriptCaches (24ms)
			SetupLoadedEditorAssemblies (181ms)
				LogAssemblyErrors (0ms)
				InitializePlatformSupportModulesInManaged (3ms)
				SetLoadedEditorAssemblies (0ms)
				RefreshPlugins (0ms)
				BeforeProcessingInitializeOnLoad (36ms)
				ProcessInitializeOnLoadAttributes (132ms)
				ProcessInitializeOnLoadMethodAttributes (6ms)
				AfterProcessingInitializeOnLoad (3ms)
				EditorAssembliesLoaded (0ms)
			ExecutionOrderSort2 (0ms)
			AwakeInstancesAfterBackupRestoration (4ms)
Platform modules already initialized, skipping
========================================================================
Worker process is ready to serve import requests
Launched and connected shader compiler UnityShaderCompiler.exe after 0.04 seconds
Refreshing native plugins compatible for Editor in 0.29 ms, found 2 plugins.
Preloading 0 native plugins for Editor in 0.00 ms.
Unloading 1498 Unused Serialized files (Serialized files now loaded: 0)
System memory in use before: 67.9 MB.
System memory in use after: 67.9 MB.

Unloading 19 unused Assets to reduce memory usage. Loaded Objects now: 1930.
Total: 2.043900 ms (FindLiveObjects: 0.108000 ms CreateObjectMapping: 0.032800 ms MarkObjects: 1.859000 ms  DeleteObjects: 0.043300 ms)

AssetImportParameters requested are different than current active one (requested -> active):
  custom:framework-win-MediaFoundation: 216162199b28c13a410421893ffa2e32 -> 
  custom:video-decoder-ogg-theora: a1e56fd34408186e4bbccfd4996cb3dc -> 
  custom:container-muxer-webm: aa71ff27fc2769a1b78a27578f13a17b -> 
  custom:container-demuxer-webm: 4f35f7cbe854078d1ac9338744f61a02 -> 
  custom:container-demuxer-ogg: 62fdf1f143b41e24485cea50d1cbac27 -> 
  custom:video-encoder-webm-vp8: eb34c28f22e8b96e1ab97ce403110664 -> 
  custom:video-decoder-webm-vp8: 9c59270c3fd7afecdb556c50c9e8de78 -> 
  custom:audio-decoder-ogg-vorbis: bf7c407c2cedff20999df2af8eb42d56 -> 
  custom:audio-encoder-webm-vorbis: bf7c407c2cedff20999df2af8eb42d56 -> 
========================================================================
Received Import Request.
  path: Assets
  artifactKey: Guid(00000000000000001000000000000000) Importer(815301076,1909f56bfc062723c751e8b465ee728b)
Start importing Assets using Guid(00000000000000001000000000000000) Importer(815301076,1909f56bfc062723c751e8b465ee728b)  -> (artifact id: '42d402b061de3733987d63b9cc3b64de') in 0.005959 seconds 
  Import took 0.007509 seconds .

========================================================================
Received Import Request.
  Time since last request: 3.478275 seconds.
  path: Assets/Scripts
  artifactKey: Guid(4a61a8de2caf75b4a999ebdcfdca5775) Importer(815301076,1909f56bfc062723c751e8b465ee728b)
Start importing Assets/Scripts using Guid(4a61a8de2caf75b4a999ebdcfdca5775) Importer(815301076,1909f56bfc062723c751e8b465ee728b)  -> (artifact id: '4daab6b1b0f7a6d86f250a7a3a0e5e72') in 0.004894 seconds 
  Import took 0.006929 seconds .

========================================================================
Received Import Request.
  Time since last request: 5.913741 seconds.
  path: Assets/Textures
  artifactKey: Guid(1fcb56da73a94ac47848d199cf83208c) Importer(815301076,1909f56bfc062723c751e8b465ee728b)
Start importing Assets/Textures using Guid(1fcb56da73a94ac47848d199cf83208c) Importer(815301076,1909f56bfc062723c751e8b465ee728b)  -> (artifact id: 'ff63b25445e7547074c762dc37835010') in 0.006292 seconds 
  Import took 0.008045 seconds .

========================================================================
Received Prepare
Registering precompiled user dll's ...
Registered in 0.002210 seconds.
Begin MonoManager ReloadAssembly
Native extension for WindowsStandalone target not found
Refreshing native plugins compatible for Editor in 0.30 ms, found 2 plugins.
Preloading 0 native plugins for Editor in 0.00 ms.
Mono: successfully reloaded assembly
- Completed reload, in  0.557 seconds
Domain Reload Profiling:
	ReloadAssembly (558ms)
		BeginReloadAssembly (70ms)
			ExecutionOrderSort (0ms)
			DisableScriptedObjects (3ms)
			BackupInstance (0ms)
			ReleaseScriptingObjects (0ms)
			CreateAndSetChildDomain (21ms)
		EndReloadAssembly (449ms)
			LoadAssemblies (52ms)
			RebuildTransferFunctionScriptingTraits (0ms)
			SetupTypeCache (156ms)
			ReleaseScriptCaches (1ms)
			RebuildScriptCaches (21ms)
			SetupLoadedEditorAssemblies (166ms)
				LogAssemblyErrors (0ms)
				InitializePlatformSupportModulesInManaged (3ms)
				SetLoadedEditorAssemblies (1ms)
				RefreshPlugins (0ms)
				BeforeProcessingInitializeOnLoad (32ms)
				ProcessInitializeOnLoadAttributes (121ms)
				ProcessInitializeOnLoadMethodAttributes (6ms)
				AfterProcessingInitializeOnLoad (4ms)
				EditorAssembliesLoaded (0ms)
			ExecutionOrderSort2 (0ms)
			AwakeInstancesAfterBackupRestoration (4ms)
Platform modules already initialized, skipping
Refreshing native plugins compatible for Editor in 0.26 ms, found 2 plugins.
Preloading 0 native plugins for Editor in 0.00 ms.
Unloading 1494 Unused Serialized files (Serialized files now loaded: 0)
System memory in use before: 67.8 MB.
System memory in use after: 67.9 MB.

Unloading 14 unused Assets to reduce memory usage. Loaded Objects now: 1934.
Total: 1.948000 ms (FindLiveObjects: 0.106500 ms CreateObjectMapping: 0.029800 ms MarkObjects: 1.795700 ms  DeleteObjects: 0.015100 ms)

AssetImportParameters requested are different than current active one (requested -> active):
  custom:framework-win-MediaFoundation: 216162199b28c13a410421893ffa2e32 -> 
  custom:video-decoder-ogg-theora: a1e56fd34408186e4bbccfd4996cb3dc -> 
  custom:container-muxer-webm: aa71ff27fc2769a1b78a27578f13a17b -> 
  custom:container-demuxer-webm: 4f35f7cbe854078d1ac9338744f61a02 -> 
  custom:container-demuxer-ogg: 62fdf1f143b41e24485cea50d1cbac27 -> 
  custom:video-encoder-webm-vp8: eb34c28f22e8b96e1ab97ce403110664 -> 
  custom:video-decoder-webm-vp8: 9c59270c3fd7afecdb556c50c9e8de78 -> 
  custom:audio-decoder-ogg-vorbis: bf7c407c2cedff20999df2af8eb42d56 -> 
  custom:audio-encoder-webm-vorbis: bf7c407c2cedff20999df2af8eb42d56 -> 
========================================================================
Received Import Request.
  Time since last request: 58.051521 seconds.
  path: Assets/Objects
  artifactKey: Guid(1f46d78db0378224b86fbd0d98e02d67) Importer(815301076,1909f56bfc062723c751e8b465ee728b)
Start importing Assets/Objects using Guid(1f46d78db0378224b86fbd0d98e02d67) Importer(815301076,1909f56bfc062723c751e8b465ee728b)  -> (artifact id: 'b25e8b81ed7398fb90644dfb0231072a') in 0.006808 seconds 
  Import took 0.008741 seconds .

========================================================================
Received Import Request.
  Time since last request: 6.971831 seconds.
  path: Assets/Objects/COFEE_TABLE (1).obj
  artifactKey: Guid(bd7b947b44e03b848934745b06811b48) Importer(815301076,1909f56bfc062723c751e8b465ee728b)
Start importing Assets/Objects/COFEE_TABLE (1).obj using Guid(bd7b947b44e03b848934745b06811b48) Importer(815301076,1909f56bfc062723c751e8b465ee728b)  -> (artifact id: 'c8f8f9d09e683a56ab04ce78d91d004d') in 0.083849 seconds 
  Import took 0.085720 seconds .

========================================================================
Received Import Request.
  Time since last request: 0.000130 seconds.
  path: Assets/Objects/COFEE_TABLE.obj
  artifactKey: Guid(46c2ca2fada1abe42a26c0472c1d455c) Importer(815301076,1909f56bfc062723c751e8b465ee728b)
Start importing Assets/Objects/COFEE_TABLE.obj using Guid(46c2ca2fada1abe42a26c0472c1d455c) Importer(815301076,1909f56bfc062723c751e8b465ee728b)  -> (artifact id: 'a7d48500620382a5984ec7b2ee68f6db') in 0.012971 seconds 
  Import took 0.014471 seconds .

========================================================================
Received Import Request.
  Time since last request: 14.478939 seconds.
  path: Assets/Objects/chair_.obj
  artifactKey: Guid(94c0033a8fd1eab469a91b5e5dc99dc6) Importer(815301076,1909f56bfc062723c751e8b465ee728b)
Start importing Assets/Objects/chair_.obj using Guid(94c0033a8fd1eab469a91b5e5dc99dc6) Importer(815301076,1909f56bfc062723c751e8b465ee728b)  -> (artifact id: '59904f82bc0f63d55430981e750ae14e') in 0.026231 seconds 
  Import took 0.028109 seconds .

========================================================================
Received Import Request.
  Time since last request: 51.345643 seconds.
  path: Assets/Objects/Chair 1.obj
  artifactKey: Guid(94c0033a8fd1eab469a91b5e5dc99dc6) Importer(815301076,1909f56bfc062723c751e8b465ee728b)
Start importing Assets/Objects/Chair 1.obj using Guid(94c0033a8fd1eab469a91b5e5dc99dc6) Importer(815301076,1909f56bfc062723c751e8b465ee728b)  -> (artifact id: 'f3ec987c02433178ae4345cb0f578312') in 0.025945 seconds 
  Import took 0.028413 seconds .

========================================================================
Received Import Request.
  Time since last request: 14.350612 seconds.
  path: Assets/Objects/Coffee Table.obj
  artifactKey: Guid(bd7b947b44e03b848934745b06811b48) Importer(815301076,1909f56bfc062723c751e8b465ee728b)
Start importing Assets/Objects/Coffee Table.obj using Guid(bd7b947b44e03b848934745b06811b48) Importer(815301076,1909f56bfc062723c751e8b465ee728b)  -> (artifact id: 'edb483d99f8d16190132a962348a599a') in 0.025914 seconds 
  Import took 0.027749 seconds .

========================================================================
Received Import Request.
  Time since last request: 15.835389 seconds.
  path: Assets/Textures/upscaled_wood_floorboards.jpg
  artifactKey: Guid(4fde4f6e46783d74ca0bfb5f4d59cae3) Importer(815301076,1909f56bfc062723c751e8b465ee728b)
Start importing Assets/Textures/upscaled_wood_floorboards.jpg using Guid(4fde4f6e46783d74ca0bfb5f4d59cae3) Importer(815301076,1909f56bfc062723c751e8b465ee728b)  -> (artifact id: 'e315037afb737ffaf74363485b86a4c7') in 0.020936 seconds 
  Import took 0.022807 seconds .

========================================================================
Received Prepare
Registering precompiled user dll's ...
Registered in 0.002201 seconds.
Begin MonoManager ReloadAssembly
Native extension for WindowsStandalone target not found
Refreshing native plugins compatible for Editor in 0.30 ms, found 2 plugins.
Preloading 0 native plugins for Editor in 0.00 ms.
Mono: successfully reloaded assembly
- Completed reload, in  0.553 seconds
Domain Reload Profiling:
	ReloadAssembly (553ms)
		BeginReloadAssembly (71ms)
			ExecutionOrderSort (0ms)
			DisableScriptedObjects (2ms)
			BackupInstance (0ms)
			ReleaseScriptingObjects (0ms)
			CreateAndSetChildDomain (21ms)
		EndReloadAssembly (443ms)
			LoadAssemblies (51ms)
			RebuildTransferFunctionScriptingTraits (0ms)
			SetupTypeCache (151ms)
			ReleaseScriptCaches (1ms)
			RebuildScriptCaches (21ms)
			SetupLoadedEditorAssemblies (165ms)
				LogAssemblyErrors (0ms)
				InitializePlatformSupportModulesInManaged (3ms)
				SetLoadedEditorAssemblies (0ms)
				RefreshPlugins (0ms)
				BeforeProcessingInitializeOnLoad (32ms)
				ProcessInitializeOnLoadAttributes (121ms)
				ProcessInitializeOnLoadMethodAttributes (6ms)
				AfterProcessingInitializeOnLoad (3ms)
				EditorAssembliesLoaded (0ms)
			ExecutionOrderSort2 (0ms)
			AwakeInstancesAfterBackupRestoration (4ms)
Platform modules already initialized, skipping
Refreshing native plugins compatible for Editor in 0.19 ms, found 2 plugins.
Preloading 0 native plugins for Editor in 0.00 ms.
Unloading 1494 Unused Serialized files (Serialized files now loaded: 0)
System memory in use before: 71.3 MB.
System memory in use after: 71.4 MB.

Unloading 14 unused Assets to reduce memory usage. Loaded Objects now: 1981.
Total: 1.897300 ms (FindLiveObjects: 0.099800 ms CreateObjectMapping: 0.031500 ms MarkObjects: 1.753800 ms  DeleteObjects: 0.011400 ms)

AssetImportParameters requested are different than current active one (requested -> active):
  custom:framework-win-MediaFoundation: 216162199b28c13a410421893ffa2e32 -> 
  custom:video-decoder-ogg-theora: a1e56fd34408186e4bbccfd4996cb3dc -> 
  custom:container-muxer-webm: aa71ff27fc2769a1b78a27578f13a17b -> 
  custom:container-demuxer-webm: 4f35f7cbe854078d1ac9338744f61a02 -> 
  custom:container-demuxer-ogg: 62fdf1f143b41e24485cea50d1cbac27 -> 
  custom:video-encoder-webm-vp8: eb34c28f22e8b96e1ab97ce403110664 -> 
  custom:video-decoder-webm-vp8: 9c59270c3fd7afecdb556c50c9e8de78 -> 
  custom:audio-decoder-ogg-vorbis: bf7c407c2cedff20999df2af8eb42d56 -> 
  custom:audio-encoder-webm-vorbis: bf7c407c2cedff20999df2af8eb42d56 -> 
========================================================================
Received Import Request.
  Time since last request: 770.113316 seconds.
  path: Assets/Sprites
  artifactKey: Guid(1060d497b6f604c4c9b4fd375b181acd) Importer(815301076,1909f56bfc062723c751e8b465ee728b)
Start importing Assets/Sprites using Guid(1060d497b6f604c4c9b4fd375b181acd) Importer(815301076,1909f56bfc062723c751e8b465ee728b)  -> (artifact id: '1390b3d9b195ae66613feb5b6aa093a2') in 0.006444 seconds 
  Import took 0.008037 seconds .

AssetImportWorkerClient::OnTransportError - code=2 error=End of file
