Using pre-set license
Built from '2020.3/staging' branch; Version is '2020.3.23f1 (c5d91304a876) revision 12966163'; Using compiler version '192528614'; Build Type 'Release'
OS: 'Windows 10 Pro; OS build 19044.1348; Version 2009; 64bit' Language: 'en' Physical Memory: 16295 MB
BatchMode: 1, IsHumanControllingUs: 0, StartBugReporterOnCrash: 0, Is64bit: 1, IsPro: 0

COMMAND LINE ARGUMENTS:
C:\Program Files\Unity\Hub\Editor\2020.3.23f1\Editor\Unity.exe
-adb2
-batchMode
-noUpm
-name
AssetImportWorker0
-projectPath
C:/Users/jgould2021/Documents/GitHub/Emotional-Project-Synaptic/Synaptic
-logFile
Logs/AssetImportWorker0.log
-srvPort
63206
Successfully changed project path to: C:/Users/jgould2021/Documents/GitHub/Emotional-Project-Synaptic/Synaptic
C:/Users/jgould2021/Documents/GitHub/Emotional-Project-Synaptic/Synaptic
Using Asset Import Pipeline V2.
Refreshing native plugins compatible for Editor in 26.38 ms, found 2 plugins.
Preloading 0 native plugins for Editor in 0.00 ms.
Initialize engine version: 2020.3.23f1 (c5d91304a876)
[Subsystems] Discovering subsystems at path C:/Program Files/Unity/Hub/Editor/2020.3.23f1/Editor/Data/Resources/UnitySubsystems
[Subsystems] Discovering subsystems at path C:/Users/jgould2021/Documents/GitHub/Emotional-Project-Synaptic/Synaptic/Assets
GfxDevice: creating device client; threaded=0
Direct3D:
    Version:  Direct3D 11.0 [level 11.1]
    Renderer: NVIDIA GeForce RTX 3060 (ID=0x2504)
    Vendor:   
    VRAM:     12143 MB
    Driver:   30.0.14.9649
Initialize mono
Mono path[0] = 'C:/Program Files/Unity/Hub/Editor/2020.3.23f1/Editor/Data/Managed'
Mono path[1] = 'C:/Program Files/Unity/Hub/Editor/2020.3.23f1/Editor/Data/MonoBleedingEdge/lib/mono/unityjit'
Mono config path = 'C:/Program Files/Unity/Hub/Editor/2020.3.23f1/Editor/Data/MonoBleedingEdge/etc'
Using monoOptions --debugger-agent=transport=dt_socket,embedding=1,server=y,suspend=n,address=127.0.0.1:56800
Begin MonoManager ReloadAssembly
Registering precompiled unity dll's ...
Register platform support module: C:/Program Files/Unity/Hub/Editor/2020.3.23f1/Editor/Data/PlaybackEngines/WindowsStandaloneSupport/UnityEditor.WindowsStandalone.Extensions.dll
Registered in 0.000971 seconds.
Native extension for WindowsStandalone target not found
Refreshing native plugins compatible for Editor in 25.81 ms, found 2 plugins.
Preloading 0 native plugins for Editor in 0.00 ms.
Mono: successfully reloaded assembly
- Completed reload, in  0.357 seconds
Domain Reload Profiling:
	ReloadAssembly (357ms)
		BeginReloadAssembly (33ms)
			ExecutionOrderSort (0ms)
			DisableScriptedObjects (0ms)
			BackupInstance (0ms)
			ReleaseScriptingObjects (0ms)
			CreateAndSetChildDomain (1ms)
		EndReloadAssembly (278ms)
			LoadAssemblies (32ms)
			RebuildTransferFunctionScriptingTraits (0ms)
			SetupTypeCache (87ms)
			ReleaseScriptCaches (0ms)
			RebuildScriptCaches (18ms)
			SetupLoadedEditorAssemblies (112ms)
				LogAssemblyErrors (0ms)
				InitializePlatformSupportModulesInManaged (3ms)
				SetLoadedEditorAssemblies (0ms)
				RefreshPlugins (26ms)
				BeforeProcessingInitializeOnLoad (11ms)
				ProcessInitializeOnLoadAttributes (55ms)
				ProcessInitializeOnLoadMethodAttributes (18ms)
				AfterProcessingInitializeOnLoad (0ms)
				EditorAssembliesLoaded (0ms)
			ExecutionOrderSort2 (0ms)
			AwakeInstancesAfterBackupRestoration (0ms)
Platform modules already initialized, skipping
Registering precompiled user dll's ...
Registered in 0.002534 seconds.
Begin MonoManager ReloadAssembly
Native extension for WindowsStandalone target not found
Refreshing native plugins compatible for Editor in 0.35 ms, found 2 plugins.
Preloading 0 native plugins for Editor in 0.00 ms.
Mono: successfully reloaded assembly
- Completed reload, in  0.629 seconds
Domain Reload Profiling:
	ReloadAssembly (629ms)
		BeginReloadAssembly (88ms)
			ExecutionOrderSort (0ms)
			DisableScriptedObjects (3ms)
			BackupInstance (0ms)
			ReleaseScriptingObjects (0ms)
			CreateAndSetChildDomain (13ms)
		EndReloadAssembly (503ms)
			LoadAssemblies (55ms)
			RebuildTransferFunctionScriptingTraits (0ms)
			SetupTypeCache (169ms)
			ReleaseScriptCaches (0ms)
			RebuildScriptCaches (26ms)
			SetupLoadedEditorAssemblies (197ms)
				LogAssemblyErrors (0ms)
				InitializePlatformSupportModulesInManaged (3ms)
				SetLoadedEditorAssemblies (0ms)
				RefreshPlugins (0ms)
				BeforeProcessingInitializeOnLoad (54ms)
				ProcessInitializeOnLoadAttributes (130ms)
				ProcessInitializeOnLoadMethodAttributes (6ms)
				AfterProcessingInitializeOnLoad (3ms)
				EditorAssembliesLoaded (0ms)
			ExecutionOrderSort2 (0ms)
			AwakeInstancesAfterBackupRestoration (4ms)
Platform modules already initialized, skipping
========================================================================
Worker process is ready to serve import requests
Launched and connected shader compiler UnityShaderCompiler.exe after 0.04 seconds
Refreshing native plugins compatible for Editor in 0.34 ms, found 2 plugins.
Preloading 0 native plugins for Editor in 0.00 ms.
Unloading 1800 Unused Serialized files (Serialized files now loaded: 0)
System memory in use before: 84.5 MB.
System memory in use after: 84.6 MB.

Unloading 18 unused Assets to reduce memory usage. Loaded Objects now: 2235.
Total: 2.235400 ms (FindLiveObjects: 0.148000 ms CreateObjectMapping: 0.037800 ms MarkObjects: 2.031600 ms  DeleteObjects: 0.017400 ms)

AssetImportParameters requested are different than current active one (requested -> active):
  custom:framework-win-MediaFoundation: 216162199b28c13a410421893ffa2e32 -> 
  custom:video-decoder-ogg-theora: a1e56fd34408186e4bbccfd4996cb3dc -> 
  custom:container-muxer-webm: aa71ff27fc2769a1b78a27578f13a17b -> 
  custom:container-demuxer-webm: 4f35f7cbe854078d1ac9338744f61a02 -> 
  custom:container-demuxer-ogg: 62fdf1f143b41e24485cea50d1cbac27 -> 
  custom:video-encoder-webm-vp8: eb34c28f22e8b96e1ab97ce403110664 -> 
  custom:video-decoder-webm-vp8: 9c59270c3fd7afecdb556c50c9e8de78 -> 
  custom:audio-decoder-ogg-vorbis: bf7c407c2cedff20999df2af8eb42d56 -> 
  custom:audio-encoder-webm-vorbis: bf7c407c2cedff20999df2af8eb42d56 -> 
========================================================================
Received Import Request.
  path: Assets/Scripts/Dialogue/Managers/DialogueManager.cs
  artifactKey: Guid(f8eb39f862181fd498446e6497ae9c75) Importer(815301076,1909f56bfc062723c751e8b465ee728b)
Start importing Assets/Scripts/Dialogue/Managers/DialogueManager.cs using Guid(f8eb39f862181fd498446e6497ae9c75) Importer(815301076,1909f56bfc062723c751e8b465ee728b)  -> (artifact id: '374d814e124bd36a8e78633af8f52dca') in 0.019801 seconds 
  Import took 0.021758 seconds .

========================================================================
Received Import Request.
  Time since last request: 6.012287 seconds.
  path: Assets/Scenes/Door 1 1.prefab
  artifactKey: Guid(49ee66ff6effbdb4aa52daf03517b3be) Importer(815301076,1909f56bfc062723c751e8b465ee728b)
Start importing Assets/Scenes/Door 1 1.prefab using Guid(49ee66ff6effbdb4aa52daf03517b3be) Importer(815301076,1909f56bfc062723c751e8b465ee728b)  -> (artifact id: 'bc60842a8dc3836412124ba1f8b06f33') in 0.062285 seconds 
  Import took 0.064598 seconds .

========================================================================
Received Import Request.
  Time since last request: 0.000131 seconds.
  path: Assets/Scenes/Door 1.prefab
  artifactKey: Guid(793051af0eae91d4fa4efa92c752891f) Importer(815301076,1909f56bfc062723c751e8b465ee728b)
Start importing Assets/Scenes/Door 1.prefab using Guid(793051af0eae91d4fa4efa92c752891f) Importer(815301076,1909f56bfc062723c751e8b465ee728b)  -> (artifact id: '035e52d72f2c5bec053a7d25f46894ab') in 0.011189 seconds 
  Import took 0.013132 seconds .

========================================================================
Received Import Request.
  Time since last request: 6.163787 seconds.
  path: Assets/Scenes/MainHouse.unity
  artifactKey: Guid(9fc0d4010bbf28b4594072e72b8655ab) Importer(815301076,1909f56bfc062723c751e8b465ee728b)
Start importing Assets/Scenes/MainHouse.unity using Guid(9fc0d4010bbf28b4594072e72b8655ab) Importer(815301076,1909f56bfc062723c751e8b465ee728b)  -> (artifact id: '0d66bba735d8e74aa6ac2a82c8f38770') in 0.005136 seconds 
  Import took 0.007382 seconds .

========================================================================
Received Import Request.
  Time since last request: 368.572074 seconds.
  path: Assets/Scripts/Dialogue/Managers/DialogueManager.cs
  artifactKey: Guid(f8eb39f862181fd498446e6497ae9c75) Importer(815301076,1909f56bfc062723c751e8b465ee728b)
Start importing Assets/Scripts/Dialogue/Managers/DialogueManager.cs using Guid(f8eb39f862181fd498446e6497ae9c75) Importer(815301076,1909f56bfc062723c751e8b465ee728b)  -> (artifact id: '772ed25a308cd6db9556fcfb7ae6d466') in 0.001685 seconds 
  Import took 0.004160 seconds .

========================================================================
Received Import Request.
  Time since last request: 21.925902 seconds.
  path: Assets/Scripts/Dialogue/Managers/DialogueManager.cs
  artifactKey: Guid(f8eb39f862181fd498446e6497ae9c75) Importer(815301076,1909f56bfc062723c751e8b465ee728b)
Start importing Assets/Scripts/Dialogue/Managers/DialogueManager.cs using Guid(f8eb39f862181fd498446e6497ae9c75) Importer(815301076,1909f56bfc062723c751e8b465ee728b)  -> (artifact id: 'd3efbf3ea8d46e09c245f1d58d83c30c') in 0.001774 seconds 
  Import took 0.004076 seconds .

========================================================================
Received Import Request.
  Time since last request: 170.355485 seconds.
  path: Assets/Scripts/Dialogue/Managers/DialogueManager.cs
  artifactKey: Guid(f8eb39f862181fd498446e6497ae9c75) Importer(815301076,1909f56bfc062723c751e8b465ee728b)
Start importing Assets/Scripts/Dialogue/Managers/DialogueManager.cs using Guid(f8eb39f862181fd498446e6497ae9c75) Importer(815301076,1909f56bfc062723c751e8b465ee728b)  -> (artifact id: 'd5e32768f6ca3e82891c50026cda96e3') in 0.001644 seconds 
  Import took 0.004005 seconds .

========================================================================
Received Import Request.
  Time since last request: 282.728847 seconds.
  path: Assets/Scripts/Dialogue/Managers/DialogueManager.cs
  artifactKey: Guid(f8eb39f862181fd498446e6497ae9c75) Importer(815301076,1909f56bfc062723c751e8b465ee728b)
Start importing Assets/Scripts/Dialogue/Managers/DialogueManager.cs using Guid(f8eb39f862181fd498446e6497ae9c75) Importer(815301076,1909f56bfc062723c751e8b465ee728b)  -> (artifact id: '9b3eea767d1c1945003843322c93b6b9') in 0.002024 seconds 
  Import took 0.004684 seconds .

========================================================================
Received Import Request.
  Time since last request: 88.036052 seconds.
  path: Assets/Scripts/Dialogue/Managers/DialogueManager.cs
  artifactKey: Guid(f8eb39f862181fd498446e6497ae9c75) Importer(815301076,1909f56bfc062723c751e8b465ee728b)
Start importing Assets/Scripts/Dialogue/Managers/DialogueManager.cs using Guid(f8eb39f862181fd498446e6497ae9c75) Importer(815301076,1909f56bfc062723c751e8b465ee728b)  -> (artifact id: 'e83be953712a8820da82fbb23c0fb2f0') in 0.001676 seconds 
  Import took 0.003890 seconds .

========================================================================
Received Import Request.
  Time since last request: 11.024091 seconds.
  path: Assets/Scripts/Dialogue/Managers/DialogueManager.cs
  artifactKey: Guid(f8eb39f862181fd498446e6497ae9c75) Importer(815301076,1909f56bfc062723c751e8b465ee728b)
Start importing Assets/Scripts/Dialogue/Managers/DialogueManager.cs using Guid(f8eb39f862181fd498446e6497ae9c75) Importer(815301076,1909f56bfc062723c751e8b465ee728b)  -> (artifact id: 'ddb919e269b4d59f9baa7ae0e8f1a852') in 0.001627 seconds 
  Import took 0.003726 seconds .

========================================================================
Received Import Request.
  Time since last request: 54.855256 seconds.
  path: Assets/Scripts/Dialogue/Managers/DialogueManager.cs
  artifactKey: Guid(f8eb39f862181fd498446e6497ae9c75) Importer(815301076,1909f56bfc062723c751e8b465ee728b)
Start importing Assets/Scripts/Dialogue/Managers/DialogueManager.cs using Guid(f8eb39f862181fd498446e6497ae9c75) Importer(815301076,1909f56bfc062723c751e8b465ee728b)  -> (artifact id: '5b758c668a895aa6ae878efdcfeb91a1') in 0.001662 seconds 
  Import took 0.003954 seconds .

========================================================================
Received Import Request.
  Time since last request: 46.198153 seconds.
  path: Assets/Scripts/Dialogue/Managers/DialogueManager.cs
  artifactKey: Guid(f8eb39f862181fd498446e6497ae9c75) Importer(815301076,1909f56bfc062723c751e8b465ee728b)
Start importing Assets/Scripts/Dialogue/Managers/DialogueManager.cs using Guid(f8eb39f862181fd498446e6497ae9c75) Importer(815301076,1909f56bfc062723c751e8b465ee728b)  -> (artifact id: '476172b626341a43c4fe911d3cf7465e') in 0.001869 seconds 
  Import took 0.004111 seconds .

========================================================================
Received Import Request.
  Time since last request: 52.286878 seconds.
  path: Assets/Scripts/Dialogue/Managers/DialogueManager.cs
  artifactKey: Guid(f8eb39f862181fd498446e6497ae9c75) Importer(815301076,1909f56bfc062723c751e8b465ee728b)
Start importing Assets/Scripts/Dialogue/Managers/DialogueManager.cs using Guid(f8eb39f862181fd498446e6497ae9c75) Importer(815301076,1909f56bfc062723c751e8b465ee728b)  -> (artifact id: '5c48c5087db51868db82e6a38742e4d8') in 0.001577 seconds 
  Import took 0.003554 seconds .

========================================================================
Received Import Request.
  Time since last request: 9.297527 seconds.
  path: Assets/Scripts/Dialogue/Managers/DialogueManager.cs
  artifactKey: Guid(f8eb39f862181fd498446e6497ae9c75) Importer(815301076,1909f56bfc062723c751e8b465ee728b)
Start importing Assets/Scripts/Dialogue/Managers/DialogueManager.cs using Guid(f8eb39f862181fd498446e6497ae9c75) Importer(815301076,1909f56bfc062723c751e8b465ee728b)  -> (artifact id: '8f5f96436d89923d78e6938d1ab4101a') in 0.001664 seconds 
  Import took 0.003870 seconds .

========================================================================
Received Import Request.
  Time since last request: 56.332899 seconds.
  path: Assets/Scripts/Dialogue/Managers/DialogueManager.cs
  artifactKey: Guid(f8eb39f862181fd498446e6497ae9c75) Importer(815301076,1909f56bfc062723c751e8b465ee728b)
Start importing Assets/Scripts/Dialogue/Managers/DialogueManager.cs using Guid(f8eb39f862181fd498446e6497ae9c75) Importer(815301076,1909f56bfc062723c751e8b465ee728b)  -> (artifact id: '5dd99ace8fa3e8043c4a1a60b2b35229') in 0.001552 seconds 
  Import took 0.003695 seconds .

========================================================================
Received Import Request.
  Time since last request: 14.781707 seconds.
  path: Assets/Scripts/Dialogue/Managers/DialogueManager.cs
  artifactKey: Guid(f8eb39f862181fd498446e6497ae9c75) Importer(815301076,1909f56bfc062723c751e8b465ee728b)
Start importing Assets/Scripts/Dialogue/Managers/DialogueManager.cs using Guid(f8eb39f862181fd498446e6497ae9c75) Importer(815301076,1909f56bfc062723c751e8b465ee728b)  -> (artifact id: '0d434806eb68b6e9091d946883ae7cdc') in 0.001669 seconds 
  Import took 0.003924 seconds .

========================================================================
Received Import Request.
  Time since last request: 461.498942 seconds.
  path: Assets/Scripts/Dialogue/Managers/DialogueManager.cs
  artifactKey: Guid(f8eb39f862181fd498446e6497ae9c75) Importer(815301076,1909f56bfc062723c751e8b465ee728b)
Start importing Assets/Scripts/Dialogue/Managers/DialogueManager.cs using Guid(f8eb39f862181fd498446e6497ae9c75) Importer(815301076,1909f56bfc062723c751e8b465ee728b)  -> (artifact id: 'a94764425ff4dcb965d37e9d3b9ef53c') in 0.001579 seconds 
  Import took 0.003790 seconds .

========================================================================
Received Import Request.
  Time since last request: 162.777646 seconds.
  path: Assets/Scenes/Upstairs.unity
  artifactKey: Guid(bfc2555026130184b96eaa5e2d6e08ee) Importer(815301076,1909f56bfc062723c751e8b465ee728b)
Start importing Assets/Scenes/Upstairs.unity using Guid(bfc2555026130184b96eaa5e2d6e08ee) Importer(815301076,1909f56bfc062723c751e8b465ee728b)  -> (artifact id: '2a6002bbfc1292b793f9ef12a2bad056') in 0.004873 seconds 
  Import took 0.007039 seconds .

========================================================================
Received Import Request.
  Time since last request: 133.442105 seconds.
  path: Assets/Scenes/TransitionDoor.prefab
  artifactKey: Guid(49ee66ff6effbdb4aa52daf03517b3be) Importer(815301076,1909f56bfc062723c751e8b465ee728b)
Start importing Assets/Scenes/TransitionDoor.prefab using Guid(49ee66ff6effbdb4aa52daf03517b3be) Importer(815301076,1909f56bfc062723c751e8b465ee728b)  -> (artifact id: '0a03d8e1449e08f7f003002e16a6db79') in 0.009091 seconds 
  Import took 0.011284 seconds .

========================================================================
Received Import Request.
  Time since last request: 7.148708 seconds.
  path: Assets/Scenes/ParentsBedroom.unity
  artifactKey: Guid(8c906a6826b38b749b4ca87b9c1c4e25) Importer(815301076,1909f56bfc062723c751e8b465ee728b)
Start importing Assets/Scenes/ParentsBedroom.unity using Guid(8c906a6826b38b749b4ca87b9c1c4e25) Importer(815301076,1909f56bfc062723c751e8b465ee728b)  -> (artifact id: 'bbd88176502d16f382b753f4c4c1f49f') in 0.004542 seconds 
  Import took 0.007053 seconds .

========================================================================
Received Import Request.
  Time since last request: 147.165237 seconds.
  path: Assets/Scenes/MainHouse.unity
  artifactKey: Guid(9fc0d4010bbf28b4594072e72b8655ab) Importer(815301076,1909f56bfc062723c751e8b465ee728b)
Start importing Assets/Scenes/MainHouse.unity using Guid(9fc0d4010bbf28b4594072e72b8655ab) Importer(815301076,1909f56bfc062723c751e8b465ee728b)  -> (artifact id: 'db26fcf898350c752ddc5d76625215e9') in 0.001801 seconds 
  Import took 0.004014 seconds .

========================================================================
Received Import Request.
  Time since last request: 114.325485 seconds.
  path: Assets/Ink/InkLibs/InkCompiler/InkParser/InkParser_Choices.cs
  artifactKey: Guid(ea21bfef8977a4907b49628d9b651ebf) Importer(815301076,1909f56bfc062723c751e8b465ee728b)
Start importing Assets/Ink/InkLibs/InkCompiler/InkParser/InkParser_Choices.cs using Guid(ea21bfef8977a4907b49628d9b651ebf) Importer(815301076,1909f56bfc062723c751e8b465ee728b)  -> (artifact id: '434daabf0c24bfc4364f3c798e77a3eb') in 0.003456 seconds 
  Import took 0.005664 seconds .

========================================================================
Received Import Request.
  Time since last request: 168.249453 seconds.
  path: Assets/Models/double_bed.blend
  artifactKey: Guid(a782f67e5389b0d48bef799c213aae1e) Importer(815301076,1909f56bfc062723c751e8b465ee728b)
Start importing Assets/Models/double_bed.blend using Guid(a782f67e5389b0d48bef799c213aae1e) Importer(815301076,1909f56bfc062723c751e8b465ee728b)  -> (artifact id: 'babb5b540eb63352a159db32ef6f005b') in 0.076264 seconds 
  Import took 0.078535 seconds .

========================================================================
Received Import Request.
  Time since last request: 0.000135 seconds.
  path: Assets/TextMesh Pro/Resources/Style Sheets/Default Style Sheet.asset
  artifactKey: Guid(f952c082cb03451daed3ee968ac6c63e) Importer(815301076,1909f56bfc062723c751e8b465ee728b)
Start importing Assets/TextMesh Pro/Resources/Style Sheets/Default Style Sheet.asset using Guid(f952c082cb03451daed3ee968ac6c63e) Importer(815301076,1909f56bfc062723c751e8b465ee728b)  -> (artifact id: '99846f5a5cef2b9fb3476a6a84d35918') in 0.008912 seconds 
  Import took 0.010874 seconds .

========================================================================
Received Import Request.
  Time since last request: 0.000116 seconds.
  path: Assets/Models/desk.mb
  artifactKey: Guid(0e60c97427954fc40be2328fa766bbae) Importer(815301076,1909f56bfc062723c751e8b465ee728b)
Start importing Assets/Models/desk.mb using Guid(0e60c97427954fc40be2328fa766bbae) Importer(815301076,1909f56bfc062723c751e8b465ee728b)  -> (artifact id: 'c30b91815803fc822c0a1c97d2b27e91') in 0.056943 seconds 
  Import took 0.058927 seconds .

========================================================================
Received Import Request.
  Time since last request: 0.000119 seconds.
  path: Assets/Materials/BlueSheet.mat
  artifactKey: Guid(95e61edeaf84b1547bdf4e426df9f748) Importer(815301076,1909f56bfc062723c751e8b465ee728b)
Start importing Assets/Materials/BlueSheet.mat using Guid(95e61edeaf84b1547bdf4e426df9f748) Importer(815301076,1909f56bfc062723c751e8b465ee728b)  -> (artifact id: '129a7316104cf7d3b8b079e919c1e116') in 0.018188 seconds 
  Import took 0.020082 seconds .

========================================================================
Received Import Request.
  Time since last request: 0.000109 seconds.
  path: Assets/Models/Desk.obj
  artifactKey: Guid(0b607cab66969e4408ff9a55273bdc77) Importer(815301076,1909f56bfc062723c751e8b465ee728b)
Start importing Assets/Models/Desk.obj using Guid(0b607cab66969e4408ff9a55273bdc77) Importer(815301076,1909f56bfc062723c751e8b465ee728b)  -> (artifact id: '4c0026a3e2e6190c6a01dd60873f3850') in 0.043727 seconds 
  Import took 0.045602 seconds .

========================================================================
Received Import Request.
  Time since last request: 0.386939 seconds.
  path: Assets/Sprites/MC Sprites - Young/Materials/MC-sprites_0011_front-standing.mat
  artifactKey: Guid(7bb5f7b54375ccc4eae7070b6796dfc6) Importer(815301076,1909f56bfc062723c751e8b465ee728b)
Start importing Assets/Sprites/MC Sprites - Young/Materials/MC-sprites_0011_front-standing.mat using Guid(7bb5f7b54375ccc4eae7070b6796dfc6) Importer(815301076,1909f56bfc062723c751e8b465ee728b)  -> (artifact id: '71094cf9078799f6a6d985716552bbcb') in 0.011526 seconds 
  Import took 0.014121 seconds .

========================================================================
Received Import Request.
  Time since last request: 0.000111 seconds.
  path: Assets/Models/stair rail no texture.obj
  artifactKey: Guid(1780eaf5fe6f3504f903ea737a3a6f76) Importer(815301076,1909f56bfc062723c751e8b465ee728b)
Start importing Assets/Models/stair rail no texture.obj using Guid(1780eaf5fe6f3504f903ea737a3a6f76) Importer(815301076,1909f56bfc062723c751e8b465ee728b)  -> (artifact id: '10be2f71ca07e27cbbaaf2e59c4e580e') in 0.032104 seconds 
  Import took 0.033946 seconds .

========================================================================
Received Import Request.
  Time since last request: 0.000126 seconds.
  path: Assets/SimpleSky/_Models/SkyDome.fbx
  artifactKey: Guid(1340630fb7a3267499177be33f281f05) Importer(815301076,1909f56bfc062723c751e8b465ee728b)
Start importing Assets/SimpleSky/_Models/SkyDome.fbx using Guid(1340630fb7a3267499177be33f281f05) Importer(815301076,1909f56bfc062723c751e8b465ee728b)  -> (artifact id: 'b5b2488f97cdcdb08faa596387835774') in 0.042628 seconds 
  Import took 0.044449 seconds .

========================================================================
Received Import Request.
  Time since last request: 0.000134 seconds.
  path: Assets/Sprites/Old Test Sprites/sprite-bases_0005_left-standing.png
  artifactKey: Guid(b9e02422585ab9242b505b3f6fde67ff) Importer(815301076,1909f56bfc062723c751e8b465ee728b)
Start importing Assets/Sprites/Old Test Sprites/sprite-bases_0005_left-standing.png using Guid(b9e02422585ab9242b505b3f6fde67ff) Importer(815301076,1909f56bfc062723c751e8b465ee728b)  -> (artifact id: 'f22e90cb02d08a982631502fa672427d') in 0.034944 seconds 
  Import took 0.036934 seconds .

========================================================================
Received Import Request.
  Time since last request: 0.000115 seconds.
  path: Assets/Scenes/MainHouse_Profiles/PostProcessing Profile.asset
  artifactKey: Guid(8dd82069452e59049a2668f3952d3a37) Importer(815301076,1909f56bfc062723c751e8b465ee728b)
Start importing Assets/Scenes/MainHouse_Profiles/PostProcessing Profile.asset using Guid(8dd82069452e59049a2668f3952d3a37) Importer(815301076,1909f56bfc062723c751e8b465ee728b)  -> (artifact id: 'c51320d87ad541084308b9b583739d47') in 0.012889 seconds 
  Import took 0.014675 seconds .

========================================================================
Received Import Request.
  Time since last request: 0.000110 seconds.
  path: Assets/Sprites/Old Test Sprites/sprite-bases_0008_right-standing 1.png
  artifactKey: Guid(eca5a1712c1c1ee49888d33fb02110b1) Importer(815301076,1909f56bfc062723c751e8b465ee728b)
Start importing Assets/Sprites/Old Test Sprites/sprite-bases_0008_right-standing 1.png using Guid(eca5a1712c1c1ee49888d33fb02110b1) Importer(815301076,1909f56bfc062723c751e8b465ee728b)  -> (artifact id: '4045707c302d97e59320430eab55392c') in 0.010881 seconds 
  Import took 0.012603 seconds .

========================================================================
Received Import Request.
  Time since last request: 0.000101 seconds.
  path: Assets/Sprites/Old Test Sprites/sprite-bases_0011_front-standing 1.png
  artifactKey: Guid(ac3c12525fb4c114aa9bd0abcee2a55f) Importer(815301076,1909f56bfc062723c751e8b465ee728b)
Start importing Assets/Sprites/Old Test Sprites/sprite-bases_0011_front-standing 1.png using Guid(ac3c12525fb4c114aa9bd0abcee2a55f) Importer(815301076,1909f56bfc062723c751e8b465ee728b)  -> (artifact id: '3acfbaa6ab862323d4d1b1764c224288') in 0.020885 seconds 
  Import took 0.022739 seconds .

========================================================================
Received Import Request.
  Time since last request: 0.000109 seconds.
  path: Assets/Prefabs/PostProcessing.prefab
  artifactKey: Guid(bc5770f9283e4644eb5516ededc648c6) Importer(815301076,1909f56bfc062723c751e8b465ee728b)
Start importing Assets/Prefabs/PostProcessing.prefab using Guid(bc5770f9283e4644eb5516ededc648c6) Importer(815301076,1909f56bfc062723c751e8b465ee728b)  -> (artifact id: '60b77bad00804eb7f2fa9edb54208d1f') in 0.007700 seconds 
  Import took 0.009527 seconds .

========================================================================
Received Import Request.
  Time since last request: 0.000113 seconds.
  path: Assets/Sprites/Old Test Sprites/sprite-bases_0008_right-standing.png
  artifactKey: Guid(864fcd92cf6bbbe408642322d8753fe7) Importer(815301076,1909f56bfc062723c751e8b465ee728b)
Start importing Assets/Sprites/Old Test Sprites/sprite-bases_0008_right-standing.png using Guid(864fcd92cf6bbbe408642322d8753fe7) Importer(815301076,1909f56bfc062723c751e8b465ee728b)  -> (artifact id: '225c6128caebe7d985f0060ed7e85b77') in 0.021464 seconds 
  Import took 0.023353 seconds .

========================================================================
Received Import Request.
  Time since last request: 0.000116 seconds.
  path: Assets/Sprites/Old Test Sprites/sprite-bases_0002_back-standing 1.png
  artifactKey: Guid(813270ee7f04a49468867c8ec7698993) Importer(815301076,1909f56bfc062723c751e8b465ee728b)
Start importing Assets/Sprites/Old Test Sprites/sprite-bases_0002_back-standing 1.png using Guid(813270ee7f04a49468867c8ec7698993) Importer(815301076,1909f56bfc062723c751e8b465ee728b)  -> (artifact id: 'b381b31fe61d6a71ef9f80ea0cb12017') in 0.021265 seconds 
  Import took 0.023152 seconds .

========================================================================
Received Import Request.
  Time since last request: 0.000112 seconds.
  path: Assets/Sprites/Old Test Sprites/sprite-bases_0002_back-standing.png
  artifactKey: Guid(9ef0b9ab5c8a52f4687bc28904966097) Importer(815301076,1909f56bfc062723c751e8b465ee728b)
Start importing Assets/Sprites/Old Test Sprites/sprite-bases_0002_back-standing.png using Guid(9ef0b9ab5c8a52f4687bc28904966097) Importer(815301076,1909f56bfc062723c751e8b465ee728b)  -> (artifact id: 'e4e310de6d56e73db7505b21fede4994') in 0.009774 seconds 
  Import took 0.011570 seconds .

========================================================================
Received Import Request.
  Time since last request: 0.000108 seconds.
  path: Assets/Sprites/Old Test Sprites/sprite-bases_0011_front-standing.png
  artifactKey: Guid(6f83b928844a9a14ead860dbb238491d) Importer(815301076,1909f56bfc062723c751e8b465ee728b)
Start importing Assets/Sprites/Old Test Sprites/sprite-bases_0011_front-standing.png using Guid(6f83b928844a9a14ead860dbb238491d) Importer(815301076,1909f56bfc062723c751e8b465ee728b)  -> (artifact id: 'de3775bdc78cb5027644c48e26152e1f') in 0.011797 seconds 
  Import took 0.013710 seconds .

========================================================================
Received Import Request.
  Time since last request: 0.000107 seconds.
  path: Assets/Sprites/Old Test Sprites/sprite-bases_0005_left-standing 1.png
  artifactKey: Guid(6e9e05e81f309e542b4be45d59f6733e) Importer(815301076,1909f56bfc062723c751e8b465ee728b)
Start importing Assets/Sprites/Old Test Sprites/sprite-bases_0005_left-standing 1.png using Guid(6e9e05e81f309e542b4be45d59f6733e) Importer(815301076,1909f56bfc062723c751e8b465ee728b)  -> (artifact id: 'c428254dd216e34328060cb5bdba2150') in 0.012436 seconds 
  Import took 0.014206 seconds .

========================================================================
Received Import Request.
  Time since last request: 4.560740 seconds.
  path: Assets/Ink/InkLibs/InkCompiler/ParsedHierarchy/Story.cs
  artifactKey: Guid(7ea84180e05064c52bb98a05546a7ddb) Importer(815301076,1909f56bfc062723c751e8b465ee728b)
Start importing Assets/Ink/InkLibs/InkCompiler/ParsedHierarchy/Story.cs using Guid(7ea84180e05064c52bb98a05546a7ddb) Importer(815301076,1909f56bfc062723c751e8b465ee728b)  -> (artifact id: '2880f66f461b2322d6c0d81b8b46c48e') in 0.003484 seconds 
  Import took 0.005595 seconds .

AssetImportWorkerClient::OnTransportError - code=2 error=End of file
